12-11 15:21:14 replicate_layout.action_replicate_layout 173:Replicate layout plugin version: 40 started
12-11 15:21:14 replicate_layout.action_replicate_layout 205:Preparing replicator with D13 as a reference
12-11 15:21:14 replicate_layout.replicatelayout 199:getting project hierarchy from schematics
12-11 15:21:14 replicate_layout.replicatelayout 201:Project hierarchy looks like:
{'5DD0D430': ['Stem 6', u'C:\\Users\\Joel\\Dropbox\\KiCad\\Snowflake\\hardware\\LED_Stem.sch'], '5DD08BF1': ['Stem 2', u'C:\\Users\\Joel\\Dropbox\\KiCad\\Snowflake\\hardware\\LED_Stem.sch'], '5DCE640D': ['Led Stem 1', u'C:\\Users\\Joel\\Dropbox\\KiCad\\Snowflake\\hardware\\LED_Stem.sch'], '5DD0BF7E': ['Stem 5', u'C:\\Users\\Joel\\Dropbox\\KiCad\\Snowflake\\hardware\\LED_Stem.sch'], '5DD0ACE2': ['Stem 4', u'C:\\Users\\Joel\\Dropbox\\KiCad\\Snowflake\\hardware\\LED_Stem.sch'], '5DD09BFC': ['Stem 3', u'C:\\Users\\Joel\\Dropbox\\KiCad\\Snowflake\\hardware\\LED_Stem.sch']}
12-11 15:21:14 replicate_layout.replicatelayout 209:getting a list of all footprints on board
12-11 15:21:14 replicate_layout.action_replicate_layout 231:Pivot footprint is u'D13'
Located on:['Stem 4']
With filenames:[u'LED_Stem.sch']
With sheet_id:['Stem 4']
12-11 15:21:14 replicate_layout.action_replicate_layout 235:Corresponding footprints are 
[(u'D1', ['Led Stem 1']), (u'D5', ['Stem 2']), (u'D9', ['Stem 3']), (u'D13', ['Stem 4']), (u'D17', ['Stem 5']), (u'D21', ['Stem 6'])]
12-11 15:21:14 replicate_layout.action_replicate_layout 248:Showing dialog
12-11 15:21:15 replicate_layout.replicatelayout 236:construcing a list of sheets suitable for replication on level:'Stem 4', file:u'LED_Stem.sch'
12-11 15:21:16 replicate_layout.replicatelayout 243:Sheet ids up to the level:['Stem 4']
12-11 15:21:16 replicate_layout.replicatelayout 247:Footprints on the sheets:
[u'D1', u'D5', u'D9', u'D13', u'D17', u'D21']
12-11 15:21:16 replicate_layout.replicatelayout 250:Footprints raw sheet ids:
[u'/5DCE640D/5DCE67D4', u'/5DD08BF1/5DCE67D4', u'/5DD09BFC/5DCE67D4', u'/5DD0ACE2/5DCE67D4', u'/5DD0BF7E/5DCE67D4', u'/5DD0D430/5DCE67D4']
12-11 15:21:16 replicate_layout.replicatelayout 266:All sheets to replicate:
[['Led Stem 1'], ['Stem 2'], ['Stem 3'], ['Stem 4'], ['Stem 5'], ['Stem 6']]
12-11 15:21:16 replicate_layout.replicatelayout 271:All sheets to replicate sorted:
[['Led Stem 1'], ['Stem 2'], ['Stem 3'], ['Stem 4'], ['Stem 5'], ['Stem 6']]
12-11 15:21:16 replicate_layout.replicatelayout 277:All sheets to replicate sorted and without pivot_sheet:
[['Led Stem 1'], ['Stem 2'], ['Stem 3'], ['Stem 5'], ['Stem 6']]
12-11 15:21:20 replicate_layout.replicatelayout 236:construcing a list of sheets suitable for replication on level:'Stem 4', file:u'LED_Stem.sch'
12-11 15:21:20 replicate_layout.replicatelayout 243:Sheet ids up to the level:['Stem 4']
12-11 15:21:20 replicate_layout.replicatelayout 247:Footprints on the sheets:
[u'D1', u'D5', u'D9', u'D13', u'D17', u'D21']
12-11 15:21:20 replicate_layout.replicatelayout 250:Footprints raw sheet ids:
[u'/5DCE640D/5DCE67D4', u'/5DD08BF1/5DCE67D4', u'/5DD09BFC/5DCE67D4', u'/5DD0ACE2/5DCE67D4', u'/5DD0BF7E/5DCE67D4', u'/5DD0D430/5DCE67D4']
12-11 15:21:20 replicate_layout.replicatelayout 266:All sheets to replicate:
[['Led Stem 1'], ['Stem 2'], ['Stem 3'], ['Stem 4'], ['Stem 5'], ['Stem 6']]
12-11 15:21:20 replicate_layout.replicatelayout 271:All sheets to replicate sorted:
[['Led Stem 1'], ['Stem 2'], ['Stem 3'], ['Stem 4'], ['Stem 5'], ['Stem 6']]
12-11 15:21:20 replicate_layout.replicatelayout 277:All sheets to replicate sorted and without pivot_sheet:
[['Led Stem 1'], ['Stem 2'], ['Stem 3'], ['Stem 5'], ['Stem 6']]
12-11 15:21:20 replicate_layout.action_replicate_layout 298:Replicating layout
12-11 15:21:20 replicate_layout.replicatelayout 954:Starting replication of sheets: [['Led Stem 1'], ['Stem 2'], ['Stem 3'], ['Stem 5'], ['Stem 6']]
on level: ['Stem 4']
with tracks=True, zone=True, text=True, containing=True, remov=False
12-11 15:21:20 root 147:updating GUI message: 'Preparing for replication'
12-11 15:21:20 root 152:updating GUI with: 0
12-11 15:21:20 replicate_layout.replicatelayout 532:Getting the list of pivot footprints
12-11 15:21:20 root 152:updating GUI with: 0
12-11 15:21:20 replicate_layout.replicatelayout 536:Getting the list of all the remaining footprints
12-11 15:21:20 replicate_layout.replicatelayout 540:Getting nets local to pivot footprints
12-11 15:21:20 replicate_layout.replicatelayout 544:Getting pivot bounding box
12-11 15:21:20 root 152:updating GUI with: 37
12-11 15:21:20 replicate_layout.replicatelayout 548:Getting pivot tracks
12-11 15:21:20 replicate_layout.replicatelayout 552:Getting pivot zones
12-11 15:21:20 root 152:updating GUI with: 62
12-11 15:21:20 replicate_layout.replicatelayout 556:Getting pivot text items
12-11 15:21:20 replicate_layout.replicatelayout 560:Getting pivot text items
12-11 15:21:20 root 147:updating GUI message: 'Replicating footprints'
12-11 15:21:20 replicate_layout.replicatelayout 566:Replicating footprints
12-11 15:21:20 replicate_layout.replicatelayout 572:Replicating footprints on sheet ['Led Stem 1']
12-11 15:21:20 root 152:updating GUI with: 15
12-11 15:21:20 replicate_layout.replicatelayout 572:Replicating footprints on sheet ['Stem 2']
12-11 15:21:20 root 152:updating GUI with: 30
12-11 15:21:20 replicate_layout.replicatelayout 572:Replicating footprints on sheet ['Stem 3']
12-11 15:21:20 root 152:updating GUI with: 50
12-11 15:21:20 root 152:updating GUI with: 60
12-11 15:21:20 replicate_layout.replicatelayout 572:Replicating footprints on sheet ['Stem 5']
12-11 15:21:20 root 152:updating GUI with: 80
12-11 15:21:20 replicate_layout.replicatelayout 572:Replicating footprints on sheet ['Stem 6']
12-11 15:21:20 root 152:updating GUI with: 95
12-11 15:21:20 root 147:updating GUI message: 'Replicating tracks'
12-11 15:21:20 replicate_layout.replicatelayout 685:Replicating tracks
12-11 15:21:20 root 152:updating GUI with: 0
12-11 15:21:20 replicate_layout.replicatelayout 691:Replicating tracks on sheet ['Led Stem 1']
12-11 15:21:20 replicate_layout.replicatelayout 691:Replicating tracks on sheet ['Stem 2']
12-11 15:21:20 replicate_layout.replicatelayout 691:Replicating tracks on sheet ['Stem 3']
12-11 15:21:20 root 152:updating GUI with: 60
12-11 15:21:20 replicate_layout.replicatelayout 691:Replicating tracks on sheet ['Stem 5']
12-11 15:21:20 replicate_layout.replicatelayout 691:Replicating tracks on sheet ['Stem 6']
12-11 15:21:20 root 147:updating GUI message: 'Replicating zones'
12-11 15:21:20 replicate_layout.replicatelayout 736:Replicating zones
12-11 15:21:20 root 152:updating GUI with: 0
12-11 15:21:20 replicate_layout.replicatelayout 743:Replicating zones on sheet ['Led Stem 1']
12-11 15:21:20 replicate_layout.replicatelayout 743:Replicating zones on sheet ['Stem 2']
12-11 15:21:20 replicate_layout.replicatelayout 743:Replicating zones on sheet ['Stem 3']
12-11 15:21:20 root 152:updating GUI with: 60
12-11 15:21:20 replicate_layout.replicatelayout 743:Replicating zones on sheet ['Stem 5']
12-11 15:21:20 replicate_layout.replicatelayout 743:Replicating zones on sheet ['Stem 6']
12-11 15:21:20 root 147:updating GUI message: 'Replicating text'
12-11 15:21:20 root 152:updating GUI with: 0
12-11 15:21:20 replicate_layout.replicatelayout 802:Replicating text
12-11 15:21:20 replicate_layout.replicatelayout 809:Replicating text on sheet ['Led Stem 1']
12-11 15:21:20 replicate_layout.replicatelayout 809:Replicating text on sheet ['Stem 2']
12-11 15:21:20 replicate_layout.replicatelayout 809:Replicating text on sheet ['Stem 3']
12-11 15:21:20 replicate_layout.replicatelayout 809:Replicating text on sheet ['Stem 5']
12-11 15:21:20 replicate_layout.replicatelayout 809:Replicating text on sheet ['Stem 6']
12-11 15:21:20 root 147:updating GUI message: 'Replicating drawings'
12-11 15:21:20 replicate_layout.replicatelayout 832:Replicating drawings
12-11 15:21:20 root 152:updating GUI with: 0
12-11 15:21:20 replicate_layout.replicatelayout 838:Replicating drawings on sheet ['Led Stem 1']
12-11 15:21:20 replicate_layout.replicatelayout 838:Replicating drawings on sheet ['Stem 2']
12-11 15:21:20 replicate_layout.replicatelayout 838:Replicating drawings on sheet ['Stem 3']
12-11 15:21:20 replicate_layout.replicatelayout 838:Replicating drawings on sheet ['Stem 5']
12-11 15:21:20 replicate_layout.replicatelayout 838:Replicating drawings on sheet ['Stem 6']
12-11 15:21:20 replicate_layout.action_replicate_layout 314:Replication complete
